# JRE version: Java(TM) SE Runtime Environment (8.0_211-b12) (build 1.8.0_211-b12)
# Java VM: Java HotSpot(TM) 64-Bit Server VM (25.211-b12 mixed mode windows-amd64 compressed oops)
Heap:
 PSYoungGen      total 104960K, used 8912K [0x00000000eab00000, 0x00000000f4400000, 0x0000000100000000)
  eden space 93696K, 9% used [0x00000000eab00000,0x00000000eb3b41f8,0x00000000f0680000)
  from space 11264K, 0% used [0x00000000f0680000,0x00000000f0680000,0x00000000f1180000)
  to   space 11264K, 0% used [0x00000000f3900000,0x00000000f3900000,0x00000000f4400000)
 ParOldGen       total 80384K, used 16588K [0x00000000c0000000, 0x00000000c4e80000, 0x00000000eab00000)
  object space 80384K, 20% used [0x00000000c0000000,0x00000000c1033200,0x00000000c4e80000)
 Metaspace       used 35704K, capacity 36344K, committed 36784K, reserved 1081344K
  class space    used 5029K, capacity 5267K, committed 5296K, reserved 1048576K
GC Heap History (10 events):
Event: 5.019 GC heap before
{Heap before GC invocations=7 (full 1):
 PSYoungGen      total 37888K, used 32768K [0x00000000eab00000, 0x00000000eff00000, 0x0000000100000000)
  eden space 32768K, 100% used [0x00000000eab00000,0x00000000ecb00000,0x00000000ecb00000)
  from space 5120K, 0% used [0x00000000ecb00000,0x00000000ecb00000,0x00000000ed000000)
  to   space 10240K, 0% used [0x00000000ef500000,0x00000000ef500000,0x00000000eff00000)
 ParOldGen       total 55808K, used 8666K [0x00000000c0000000, 0x00000000c3680000, 0x00000000eab00000)
  object space 55808K, 15% used [0x00000000c0000000,0x00000000c0876b70,0x00000000c3680000)
 Metaspace       used 23718K, capacity 24058K, committed 24496K, reserved 1071104K
  class space    used 3335K, capacity 3436K, committed 3504K, reserved 1048576K
Event: 5.023 GC heap after
Heap after GC invocations=7 (full 1):
 PSYoungGen      total 59904K, used 3690K [0x00000000eab00000, 0x00000000ef900000, 0x0000000100000000)
  eden space 55808K, 0% used [0x00000000eab00000,0x00000000eab00000,0x00000000ee180000)
  from space 4096K, 90% used [0x00000000ef500000,0x00000000ef89a920,0x00000000ef900000)
  to   space 10752K, 0% used [0x00000000ee400000,0x00000000ee400000,0x00000000eee80000)
 ParOldGen       total 55808K, used 8674K [0x00000000c0000000, 0x00000000c3680000, 0x00000000eab00000)
  object space 55808K, 15% used [0x00000000c0000000,0x00000000c0878b70,0x00000000c3680000)
 Metaspace       used 23718K, capacity 24058K, committed 24496K, reserved 1071104K
  class space    used 3335K, capacity 3436K, committed 3504K, reserved 1048576K
}
Event: 5.541 GC heap before
{Heap before GC invocations=8 (full 1):
 PSYoungGen      total 59904K, used 59498K [0x00000000eab00000, 0x00000000ef900000, 0x0000000100000000)
  eden space 55808K, 100% used [0x00000000eab00000,0x00000000ee180000,0x00000000ee180000)
  from space 4096K, 90% used [0x00000000ef500000,0x00000000ef89a920,0x00000000ef900000)
  to   space 10752K, 0% used [0x00000000ee400000,0x00000000ee400000,0x00000000eee80000)
 ParOldGen       total 55808K, used 8674K [0x00000000c0000000, 0x00000000c3680000, 0x00000000eab00000)
  object space 55808K, 15% used [0x00000000c0000000,0x00000000c0878b70,0x00000000c3680000)
 Metaspace       used 27562K, capacity 28058K, committed 28464K, reserved 1073152K
  class space    used 3919K, capacity 4062K, committed 4144K, reserved 1048576K
Event: 5.547 GC heap after
Heap after GC invocations=8 (full 1):
 PSYoungGen      total 69120K, used 6993K [0x00000000eab00000, 0x00000000f1b80000, 0x0000000100000000)
  eden space 58368K, 0% used [0x00000000eab00000,0x00000000eab00000,0x00000000ee400000)
  from space 10752K, 65% used [0x00000000ee400000,0x00000000eead4718,0x00000000eee80000)
  to   space 10240K, 0% used [0x00000000f1180000,0x00000000f1180000,0x00000000f1b80000)
 ParOldGen       total 55808K, used 8682K [0x00000000c0000000, 0x00000000c3680000, 0x00000000eab00000)
  object space 55808K, 15% used [0x00000000c0000000,0x00000000c087ab70,0x00000000c3680000)
 Metaspace       used 27562K, capacity 28058K, committed 28464K, reserved 1073152K
  class space    used 3919K, capacity 4062K, committed 4144K, reserved 1048576K
}
Event: 8.111 GC heap before
{Heap before GC invocations=9 (full 1):
 PSYoungGen      total 69120K, used 65361K [0x00000000eab00000, 0x00000000f1b80000, 0x0000000100000000)
  eden space 58368K, 100% used [0x00000000eab00000,0x00000000ee400000,0x00000000ee400000)
  from space 10752K, 65% used [0x00000000ee400000,0x00000000eead4718,0x00000000eee80000)
  to   space 10240K, 0% used [0x00000000f1180000,0x00000000f1180000,0x00000000f1b80000)
 ParOldGen       total 55808K, used 8682K [0x00000000c0000000, 0x00000000c3680000, 0x00000000eab00000)
  object space 55808K, 15% used [0x00000000c0000000,0x00000000c087ab70,0x00000000c3680000)
 Metaspace       used 30218K, capacity 30764K, committed 31024K, reserved 1075200K
  class space    used 4334K, capacity 4533K, committed 4656K, reserved 1048576K
Event: 8.116 GC heap after
Heap after GC invocations=9 (full 1):
 PSYoungGen      total 103936K, used 9436K [0x00000000eab00000, 0x00000000f1f00000, 0x0000000100000000)
  eden space 93696K, 0% used [0x00000000eab00000,0x00000000eab00000,0x00000000f0680000)
  from space 10240K, 92% used [0x00000000f1180000,0x00000000f1ab70b8,0x00000000f1b80000)
  to   space 11264K, 0% used [0x00000000f0680000,0x00000000f0680000,0x00000000f1180000)
 ParOldGen       total 55808K, used 8690K [0x00000000c0000000, 0x00000000c3680000, 0x00000000eab00000)
  object space 55808K, 15% used [0x00000000c0000000,0x00000000c087cb70,0x00000000c3680000)
 Metaspace       used 30218K, capacity 30764K, committed 31024K, reserved 1075200K
  class space    used 4334K, capacity 4533K, committed 4656K, reserved 1048576K
}
Event: 8.380 GC heap before
{Heap before GC invocations=10 (full 1):
 PSYoungGen      total 103936K, used 30230K [0x00000000eab00000, 0x00000000f1f00000, 0x0000000100000000)
  eden space 93696K, 22% used [0x00000000eab00000,0x00000000ebf4e7d0,0x00000000f0680000)
  from space 10240K, 92% used [0x00000000f1180000,0x00000000f1ab70b8,0x00000000f1b80000)
  to   space 11264K, 0% used [0x00000000f0680000,0x00000000f0680000,0x00000000f1180000)
 ParOldGen       total 55808K, used 8690K [0x00000000c0000000, 0x00000000c3680000, 0x00000000eab00000)
  object space 55808K, 15% used [0x00000000c0000000,0x00000000c087cb70,0x00000000c3680000)
 Metaspace       used 34608K, capacity 35260K, committed 35496K, reserved 1079296K
  class space    used 4892K, capacity 5101K, committed 5168K, reserved 1048576K
Event: 8.387 GC heap after
Heap after GC invocations=10 (full 1):
 PSYoungGen      total 104960K, used 8548K [0x00000000eab00000, 0x00000000f4400000, 0x0000000100000000)
  eden space 93696K, 0% used [0x00000000eab00000,0x00000000eab00000,0x00000000f0680000)
  from space 11264K, 75% used [0x00000000f0680000,0x00000000f0ed9018,0x00000000f1180000)
  to   space 11264K, 0% used [0x00000000f3900000,0x00000000f3900000,0x00000000f4400000)
 ParOldGen       total 55808K, used 10058K [0x00000000c0000000, 0x00000000c3680000, 0x00000000eab00000)
  object space 55808K, 18% used [0x00000000c0000000,0x00000000c09d2bd0,0x00000000c3680000)
 Metaspace       used 34608K, capacity 35260K, committed 35496K, reserved 1079296K
  class space    used 4892K, capacity 5101K, committed 5168K, reserved 1048576K
}
Event: 8.387 GC heap before
{Heap before GC invocations=11 (full 2):
 PSYoungGen      total 104960K, used 8548K [0x00000000eab00000, 0x00000000f4400000, 0x0000000100000000)
  eden space 93696K, 0% used [0x00000000eab00000,0x00000000eab00000,0x00000000f0680000)
  from space 11264K, 75% used [0x00000000f0680000,0x00000000f0ed9018,0x00000000f1180000)
  to   space 11264K, 0% used [0x00000000f3900000,0x00000000f3900000,0x00000000f4400000)
 ParOldGen       total 55808K, used 10058K [0x00000000c0000000, 0x00000000c3680000, 0x00000000eab00000)
  object space 55808K, 18% used [0x00000000c0000000,0x00000000c09d2bd0,0x00000000c3680000)
 Metaspace       used 34608K, capacity 35260K, committed 35496K, reserved 1079296K
  class space    used 4892K, capacity 5101K, committed 5168K, reserved 1048576K
Event: 8.429 GC heap after
Heap after GC invocations=11 (full 2):
 PSYoungGen      total 104960K, used 0K [0x00000000eab00000, 0x00000000f4400000, 0x0000000100000000)
  eden space 93696K, 0% used [0x00000000eab00000,0x00000000eab00000,0x00000000f0680000)
  from space 11264K, 0% used [0x00000000f0680000,0x00000000f0680000,0x00000000f1180000)
  to   space 11264K, 0% used [0x00000000f3900000,0x00000000f3900000,0x00000000f4400000)
 ParOldGen       total 80384K, used 16588K [0x00000000c0000000, 0x00000000c4e80000, 0x00000000eab00000)
  object space 80384K, 20% used [0x00000000c0000000,0x00000000c1033200,0x00000000c4e80000)
 Metaspace       used 34608K, capacity 35260K, committed 35496K, reserved 1079296K
  class space    used 4892K, capacity 5101K, committed 5168K, reserved 1048576K
}

